{
  "0 debug pnpm:scope": {
    "selected": 1
  },
  "1 info pnpm": {
    "err": {
      "name": "Error",
      "message": "not found: netlify",
      "code": "ENOENT",
      "stack": "Error: not found: netlify\n    at getNotFoundError (/home/dvantuyl/.nvm/versions/node/v16.6.1/pnpm-global/5/node_modules/.pnpm/pnpm@6.24.4/node_modules/pnpm/dist/pnpm.cjs:41455:51)\n    at Function.whichSync [as sync] (/home/dvantuyl/.nvm/versions/node/v16.6.1/pnpm-global/5/node_modules/.pnpm/pnpm@6.24.4/node_modules/pnpm/dist/pnpm.cjs:41532:13)\n    at getCommandAbsolutePathSync (/home/dvantuyl/.nvm/versions/node/v16.6.1/pnpm-global/5/node_modules/.pnpm/pnpm@6.24.4/node_modules/pnpm/dist/pnpm.cjs:43097:44)\n    at default_1 (/home/dvantuyl/.nvm/versions/node/v16.6.1/pnpm-global/5/node_modules/.pnpm/pnpm@6.24.4/node_modules/pnpm/dist/pnpm.cjs:43106:32)\n    at /home/dvantuyl/.nvm/versions/node/v16.6.1/pnpm-global/5/node_modules/.pnpm/pnpm@6.24.4/node_modules/pnpm/dist/pnpm.cjs:179764:39"
    }
  },
  "2 error pnpm": {
    "code": "ERR_PNPM_RECURSIVE_EXEC_FIRST_FAIL",
    "prefix": "/home/dvantuyl/ws/jam/hfw/www-hfw",
    "err": {
      "name": "pnpm",
      "message": "not found: netlify",
      "code": "ERR_PNPM_RECURSIVE_EXEC_FIRST_FAIL",
      "stack": "Error: not found: netlify\n    at getNotFoundError (/home/dvantuyl/.nvm/versions/node/v16.6.1/pnpm-global/5/node_modules/.pnpm/pnpm@6.24.4/node_modules/pnpm/dist/pnpm.cjs:41455:51)\n    at Function.whichSync [as sync] (/home/dvantuyl/.nvm/versions/node/v16.6.1/pnpm-global/5/node_modules/.pnpm/pnpm@6.24.4/node_modules/pnpm/dist/pnpm.cjs:41532:13)\n    at getCommandAbsolutePathSync (/home/dvantuyl/.nvm/versions/node/v16.6.1/pnpm-global/5/node_modules/.pnpm/pnpm@6.24.4/node_modules/pnpm/dist/pnpm.cjs:43097:44)\n    at default_1 (/home/dvantuyl/.nvm/versions/node/v16.6.1/pnpm-global/5/node_modules/.pnpm/pnpm@6.24.4/node_modules/pnpm/dist/pnpm.cjs:43106:32)\n    at /home/dvantuyl/.nvm/versions/node/v16.6.1/pnpm-global/5/node_modules/.pnpm/pnpm@6.24.4/node_modules/pnpm/dist/pnpm.cjs:179764:39"
    }
  }
}